# JRE version: Java(TM) SE Runtime Environment (8.0_40-b26) (build 1.8.0_40-b26)
# Java VM: Java HotSpot(TM) 64-Bit Server VM (25.40-b25 mixed mode windows-amd64 compressed oops)
Heap:
 PSYoungGen      total 270336K, used 213291K [0x00000000d5f00000, 0x00000000e8980000, 0x0000000100000000)
  eden space 240128K, 88% used [0x00000000d5f00000,0x00000000e2f4adf8,0x00000000e4980000)
  from space 30208K, 0% used [0x00000000e4980000,0x00000000e4980000,0x00000000e6700000)
  to   space 27136K, 0% used [0x00000000e6700000,0x00000000e6700000,0x00000000e8180000)
 ParOldGen       total 67072K, used 65314K [0x0000000081c00000, 0x0000000085d80000, 0x00000000d5f00000)
  object space 67072K, 97% used [0x0000000081c00000,0x0000000085bc8a00,0x0000000085d80000)
 Metaspace       used 24496K, capacity 25112K, committed 25392K, reserved 1071104K
  class space    used 2816K, capacity 3001K, committed 3120K, reserved 1048576K
GC Heap History (10 events):
Event: 11.857 GC heap after
Heap after GC invocations=11 (full 1):
 PSYoungGen      total 186880K, used 14325K [0x00000000d5f00000, 0x00000000e3880000, 0x0000000100000000)
  eden space 172544K, 0% used [0x00000000d5f00000,0x00000000d5f00000,0x00000000e0780000)
  from space 14336K, 99% used [0x00000000e1b00000,0x00000000e28fd570,0x00000000e2900000)
  to   space 19968K, 0% used [0x00000000e0780000,0x00000000e0780000,0x00000000e1b00000)
 ParOldGen       total 67072K, used 36144K [0x0000000081c00000, 0x0000000085d80000, 0x00000000d5f00000)
  object space 67072K, 53% used [0x0000000081c00000,0x0000000083f4c160,0x0000000085d80000)
 Metaspace       used 23702K, capacity 24312K, committed 24496K, reserved 1071104K
  class space    used 2730K, capacity 2905K, committed 2992K, reserved 1048576K
}
Event: 12.839 GC heap before
{Heap before GC invocations=12 (full 1):
 PSYoungGen      total 186880K, used 186869K [0x00000000d5f00000, 0x00000000e3880000, 0x0000000100000000)
  eden space 172544K, 100% used [0x00000000d5f00000,0x00000000e0780000,0x00000000e0780000)
  from space 14336K, 99% used [0x00000000e1b00000,0x00000000e28fd570,0x00000000e2900000)
  to   space 19968K, 0% used [0x00000000e0780000,0x00000000e0780000,0x00000000e1b00000)
 ParOldGen       total 67072K, used 36144K [0x0000000081c00000, 0x0000000085d80000, 0x00000000d5f00000)
  object space 67072K, 53% used [0x0000000081c00000,0x0000000083f4c160,0x0000000085d80000)
 Metaspace       used 23722K, capacity 24312K, committed 24496K, reserved 1071104K
  class space    used 2732K, capacity 2905K, committed 2992K, reserved 1048576K
Event: 12.888 GC heap after
Heap after GC invocations=12 (full 1):
 PSYoungGen      total 192512K, used 19967K [0x00000000d5f00000, 0x00000000e8180000, 0x0000000100000000)
  eden space 172544K, 0% used [0x00000000d5f00000,0x00000000d5f00000,0x00000000e0780000)
  from space 19968K, 99% used [0x00000000e0780000,0x00000000e1affc20,0x00000000e1b00000)
  to   space 27136K, 0% used [0x00000000e6700000,0x00000000e6700000,0x00000000e8180000)
 ParOldGen       total 67072K, used 48572K [0x0000000081c00000, 0x0000000085d80000, 0x00000000d5f00000)
  object space 67072K, 72% used [0x0000000081c00000,0x0000000084b6f0e8,0x0000000085d80000)
 Metaspace       used 23722K, capacity 24312K, committed 24496K, reserved 1071104K
  class space    used 2732K, capacity 2905K, committed 2992K, reserved 1048576K
}
Event: 13.759 GC heap before
{Heap before GC invocations=13 (full 1):
 PSYoungGen      total 192512K, used 192511K [0x00000000d5f00000, 0x00000000e8180000, 0x0000000100000000)
  eden space 172544K, 100% used [0x00000000d5f00000,0x00000000e0780000,0x00000000e0780000)
  from space 19968K, 99% used [0x00000000e0780000,0x00000000e1affc20,0x00000000e1b00000)
  to   space 27136K, 0% used [0x00000000e6700000,0x00000000e6700000,0x00000000e8180000)
 ParOldGen       total 67072K, used 48572K [0x0000000081c00000, 0x0000000085d80000, 0x00000000d5f00000)
  object space 67072K, 72% used [0x0000000081c00000,0x0000000084b6f0e8,0x0000000085d80000)
 Metaspace       used 23726K, capacity 24312K, committed 24496K, reserved 1071104K
  class space    used 2732K, capacity 2905K, committed 2992K, reserved 1048576K
Event: 13.798 GC heap after
Heap after GC invocations=13 (full 1):
 PSYoungGen      total 267264K, used 24534K [0x00000000d5f00000, 0x00000000e8980000, 0x0000000100000000)
  eden space 240128K, 0% used [0x00000000d5f00000,0x00000000d5f00000,0x00000000e4980000)
  from space 27136K, 90% used [0x00000000e6700000,0x00000000e7ef5990,0x00000000e8180000)
  to   space 30208K, 0% used [0x00000000e4980000,0x00000000e4980000,0x00000000e6700000)
 ParOldGen       total 67072K, used 52121K [0x0000000081c00000, 0x0000000085d80000, 0x00000000d5f00000)
  object space 67072K, 77% used [0x0000000081c00000,0x0000000084ee6690,0x0000000085d80000)
 Metaspace       used 23726K, capacity 24312K, committed 24496K, reserved 1071104K
  class space    used 2732K, capacity 2905K, committed 2992K, reserved 1048576K
}
Event: 15.193 GC heap before
{Heap before GC invocations=14 (full 1):
 PSYoungGen      total 267264K, used 264662K [0x00000000d5f00000, 0x00000000e8980000, 0x0000000100000000)
  eden space 240128K, 100% used [0x00000000d5f00000,0x00000000e4980000,0x00000000e4980000)
  from space 27136K, 90% used [0x00000000e6700000,0x00000000e7ef5990,0x00000000e8180000)
  to   space 30208K, 0% used [0x00000000e4980000,0x00000000e4980000,0x00000000e6700000)
 ParOldGen       total 67072K, used 52121K [0x0000000081c00000, 0x0000000085d80000, 0x00000000d5f00000)
  object space 67072K, 77% used [0x0000000081c00000,0x0000000084ee6690,0x0000000085d80000)
 Metaspace       used 24484K, capacity 25048K, committed 25392K, reserved 1071104K
  class space    used 2815K, capacity 3001K, committed 3120K, reserved 1048576K
Event: 15.250 GC heap after
Heap after GC invocations=14 (full 1):
 PSYoungGen      total 270336K, used 30201K [0x00000000d5f00000, 0x00000000e8980000, 0x0000000100000000)
  eden space 240128K, 0% used [0x00000000d5f00000,0x00000000d5f00000,0x00000000e4980000)
  from space 30208K, 99% used [0x00000000e4980000,0x00000000e66fe670,0x00000000e6700000)
  to   space 27136K, 0% used [0x00000000e6700000,0x00000000e6700000,0x00000000e8180000)
 ParOldGen       total 67072K, used 62410K [0x0000000081c00000, 0x0000000085d80000, 0x00000000d5f00000)
  object space 67072K, 93% used [0x0000000081c00000,0x00000000858f2810,0x0000000085d80000)
 Metaspace       used 24484K, capacity 25048K, committed 25392K, reserved 1071104K
  class space    used 2815K, capacity 3001K, committed 3120K, reserved 1048576K
}
Event: 15.250 GC heap before
{Heap before GC invocations=15 (full 2):
 PSYoungGen      total 270336K, used 30201K [0x00000000d5f00000, 0x00000000e8980000, 0x0000000100000000)
  eden space 240128K, 0% used [0x00000000d5f00000,0x00000000d5f00000,0x00000000e4980000)
  from space 30208K, 99% used [0x00000000e4980000,0x00000000e66fe670,0x00000000e6700000)
  to   space 27136K, 0% used [0x00000000e6700000,0x00000000e6700000,0x00000000e8180000)
 ParOldGen       total 67072K, used 62410K [0x0000000081c00000, 0x0000000085d80000, 0x00000000d5f00000)
  object space 67072K, 93% used [0x0000000081c00000,0x00000000858f2810,0x0000000085d80000)
 Metaspace       used 24484K, capacity 25048K, committed 25392K, reserved 1071104K
  class space    used 2815K, capacity 3001K, committed 3120K, reserved 1048576K
Event: 15.512 GC heap after
Heap after GC invocations=15 (full 2):
 PSYoungGen      total 270336K, used 0K [0x00000000d5f00000, 0x00000000e8980000, 0x0000000100000000)
  eden space 240128K, 0% used [0x00000000d5f00000,0x00000000d5f00000,0x00000000e4980000)
  from space 30208K, 0% used [0x00000000e4980000,0x00000000e4980000,0x00000000e6700000)
  to   space 27136K, 0% used [0x00000000e6700000,0x00000000e6700000,0x00000000e8180000)
 ParOldGen       total 67072K, used 65314K [0x0000000081c00000, 0x0000000085d80000, 0x00000000d5f00000)
  object space 67072K, 97% used [0x0000000081c00000,0x0000000085bc8a00,0x0000000085d80000)
 Metaspace       used 24484K, capacity 25048K, committed 25392K, reserved 1071104K
  class space    used 2815K, capacity 3001K, committed 3120K, reserved 1048576K
}
Event: 17.082 GC heap before
{Heap before GC invocations=16 (full 3):
 PSYoungGen      total 270336K, used 213291K [0x00000000d5f00000, 0x00000000e8980000, 0x0000000100000000)
  eden space 240128K, 88% used [0x00000000d5f00000,0x00000000e2f4adf8,0x00000000e4980000)
  from space 30208K, 0% used [0x00000000e4980000,0x00000000e4980000,0x00000000e6700000)
  to   space 27136K, 0% used [0x00000000e6700000,0x00000000e6700000,0x00000000e8180000)
 ParOldGen       total 67072K, used 65314K [0x0000000081c00000, 0x0000000085d80000, 0x00000000d5f00000)
  object space 67072K, 97% used [0x0000000081c00000,0x0000000085bc8a00,0x0000000085d80000)
 Metaspace       used 24496K, capacity 25112K, committed 25392K, reserved 1071104K
  class space    used 2816K, capacity 3001K, committed 3120K, reserved 1048576K

